<?xml version="1.0" encoding="UTF-8"?>
<testsuites>
  <testsuite name="fastlane.lanes">
    
    
    
      
      <testcase classname="fastlane.lanes" name="0: ensure_git_branch" time="0.037737">
        
      </testcase>
    
      
      <testcase classname="fastlane.lanes" name="1: version_bump_podspec" time="0.004912">
        
      </testcase>
    
      
      <testcase classname="fastlane.lanes" name="2: git_add" time="0.049781">
        
      </testcase>
    
      
      <testcase classname="fastlane.lanes" name="3: git_commit" time="0.107722">
        
      </testcase>
    
      
      <testcase classname="fastlane.lanes" name="4: push_to_git_remote" time="1.96367">
        
      </testcase>
    
      
      <testcase classname="fastlane.lanes" name="5: git_tag_exists" time="0.015741">
        
      </testcase>
    
      
      <testcase classname="fastlane.lanes" name="6: add_git_tag" time="0.024411">
        
      </testcase>
    
      
      <testcase classname="fastlane.lanes" name="7: push_git_tags" time="1.510968">
        
      </testcase>
    
      
      <testcase classname="fastlane.lanes" name="8: pod_lib_lint" time="522.472527">
        
          <failure message="/usr/local/lib/ruby/gems/3.0.0/gems/fastlane-2.190.0/fastlane/lib/fastlane/actions/actions_helper.rb:67:in `execute_action&apos;&#10;/usr/local/lib/ruby/gems/3.0.0/gems/fastlane-2.190.0/fastlane/lib/fastlane/runner.rb:255:in `block in execute_action&apos;&#10;/usr/local/lib/ruby/gems/3.0.0/gems/fastlane-2.190.0/fastlane/lib/fastlane/runner.rb:229:in `chdir&apos;&#10;/usr/local/lib/ruby/gems/3.0.0/gems/fastlane-2.190.0/fastlane/lib/fastlane/runner.rb:229:in `execute_action&apos;&#10;/usr/local/lib/ruby/gems/3.0.0/gems/fastlane-2.190.0/fastlane/lib/fastlane/runner.rb:157:in `trigger_action_by_name&apos;&#10;/usr/local/lib/ruby/gems/3.0.0/gems/fastlane-2.190.0/fastlane/lib/fastlane/fast_file.rb:159:in `method_missing&apos;&#10;Fastfile:63:in `block in parsing_binding&apos;&#10;/usr/local/lib/ruby/gems/3.0.0/gems/fastlane-2.190.0/fastlane/lib/fastlane/lane.rb:33:in `call&apos;&#10;/usr/local/lib/ruby/gems/3.0.0/gems/fastlane-2.190.0/fastlane/lib/fastlane/runner.rb:49:in `block in execute&apos;&#10;/usr/local/lib/ruby/gems/3.0.0/gems/fastlane-2.190.0/fastlane/lib/fastlane/runner.rb:45:in `chdir&apos;&#10;/usr/local/lib/ruby/gems/3.0.0/gems/fastlane-2.190.0/fastlane/lib/fastlane/runner.rb:45:in `execute&apos;&#10;/usr/local/lib/ruby/gems/3.0.0/gems/fastlane-2.190.0/fastlane/lib/fastlane/lane_manager.rb:47:in `cruise_lane&apos;&#10;/usr/local/lib/ruby/gems/3.0.0/gems/fastlane-2.190.0/fastlane/lib/fastlane/command_line_handler.rb:36:in `handle&apos;&#10;/usr/local/lib/ruby/gems/3.0.0/gems/fastlane-2.190.0/fastlane/lib/fastlane/commands_generator.rb:109:in `block (2 levels) in run&apos;&#10;/usr/local/lib/ruby/gems/3.0.0/gems/commander-4.6.0/lib/commander/command.rb:187:in `call&apos;&#10;/usr/local/lib/ruby/gems/3.0.0/gems/commander-4.6.0/lib/commander/command.rb:157:in `run&apos;&#10;/usr/local/lib/ruby/gems/3.0.0/gems/commander-4.6.0/lib/commander/runner.rb:444:in `run_active_command&apos;&#10;/usr/local/lib/ruby/gems/3.0.0/gems/fastlane-2.190.0/fastlane_core/lib/fastlane_core/ui/fastlane_runner.rb:76:in `run!&apos;&#10;/usr/local/lib/ruby/gems/3.0.0/gems/commander-4.6.0/lib/commander/delegates.rb:18:in `run!&apos;&#10;/usr/local/lib/ruby/gems/3.0.0/gems/fastlane-2.190.0/fastlane/lib/fastlane/commands_generator.rb:353:in `run&apos;&#10;/usr/local/lib/ruby/gems/3.0.0/gems/fastlane-2.190.0/fastlane/lib/fastlane/commands_generator.rb:42:in `start&apos;&#10;/usr/local/lib/ruby/gems/3.0.0/gems/fastlane-2.190.0/fastlane/lib/fastlane/cli_tools_distributor.rb:122:in `take_off&apos;&#10;/usr/local/lib/ruby/gems/3.0.0/gems/fastlane-2.190.0/bin/fastlane:23:in `&lt;top (required)&gt;&apos;&#10;/usr/local/bin/fastlane:23:in `load&apos;&#10;/usr/local/bin/fastlane:23:in `&lt;main&gt;&apos;&#10;&#10;Exit status of command &apos;pod lib lint --allow-warnings&apos; was 1 instead of 0.&#10;&#10; -&gt; VinBaseComponents -&gt; VinBaseComponents (0.2.0)&#10;    - NOTE  | [VinBaseComponents/CocoaExtentions, VinBaseComponents/CocoaExtentions/Foundation, VinBaseComponents/CocoaExtentions/UIKit, and more...] xcodebuild:  note: Using new build system&#10;    - NOTE  | [VinBaseComponents/CocoaExtentions, VinBaseComponents/CocoaExtentions/Foundation, VinBaseComponents/CocoaExtentions/UIKit, and more...] xcodebuild:  note: Building targets in parallel&#10;    - NOTE  | [VinBaseComponents/CocoaExtentions, VinBaseComponents/CocoaExtentions/Foundation, VinBaseComponents/CocoaExtentions/UIKit, and more...] xcodebuild:  note: Using codesigning identity override: -&#10;    - NOTE  | [VinBaseComponents/CocoaExtentions, VinBaseComponents/CocoaExtentions/Foundation, VinBaseComponents/CocoaExtentions/UIKit, and more...] xcodebuild:  note: Build preparation complete&#10;    - NOTE  | [VinBaseComponents/CocoaExtentions, VinBaseComponents/CocoaExtentions/Foundation, VinBaseComponents/CocoaExtentions/UIKit, and more...] xcodebuild:  note: Planning build&#10;    - NOTE  | [VinBaseComponents/CocoaExtentions, VinBaseComponents/CocoaExtentions/Foundation, VinBaseComponents/CocoaExtentions/UIKit, and more...] xcodebuild:  note: Analyzing workspace&#10;    - NOTE  | [VinBaseComponents/CocoaExtentions, VinBaseComponents/CocoaExtentions/Foundation, VinBaseComponents/CocoaExtentions/UIKit, and more...] xcodebuild:  note: Constructing build description&#10;    - NOTE  | [VinBaseComponents/NetWorking, VinBaseComponents/NetWorking/Cache, VinBaseComponents/NetWorking/Base, and more...] xcodebuild:  Pods.xcodeproj: warning: The iOS Simulator deployment target &apos;IPHONEOS_DEPLOYMENT_TARGET&apos; is set to 8.0, but the range of supported deployment target versions is 9.0 to 14.5.99. (in target &apos;YYCache&apos; from project &apos;Pods&apos;)&#10;    - WARN  | [VinBaseComponents/CocoaExtentions, VinBaseComponents/CocoaExtentions/Foundation, VinBaseComponents/BlockViewKit, and more...] xcodebuild:  /Users/vin/Desktop/BinBear/VinBaseComponents/VinBaseComponents/Classes/CocoaExtentions/Foundation/NSDate/NSDate+VinKit.m:138:58: warning: values of type &apos;NSUInteger&apos; should not be used as format arguments; add an explicit cast to &apos;unsigned long&apos; instead [-Wformat]&#10;    - WARN  | [VinBaseComponents/CocoaExtentions, VinBaseComponents/CocoaExtentions/Foundation, VinBaseComponents/BlockViewKit, and more...] xcodebuild:  /Users/vin/Desktop/BinBear/VinBaseComponents/VinBaseComponents/Classes/CocoaExtentions/Foundation/NSDate/NSDate+VinKit.m:138:70: warning: values of type &apos;NSUInteger&apos; should not be used as format arguments; add an explicit cast to &apos;unsigned long&apos; instead [-Wformat]&#10;    - WARN  | [VinBaseComponents/CocoaExtentions, VinBaseComponents/CocoaExtentions/Foundation, VinBaseComponents/BlockViewKit, and more...] xcodebuild:  /Users/vin/Desktop/BinBear/VinBaseComponents/VinBaseComponents/Classes/CocoaExtentions/Foundation/NSDate/NSDate+VinKit.m:138:84: warning: values of type &apos;NSUInteger&apos; should not be used as format arguments; add an explicit cast to &apos;unsigned long&apos; instead [-Wformat]&#10;    - WARN  | [VinBaseComponents/StorageLib,VinBaseComponents/StorageLib/MapKeyValueTool] xcodebuild:  /Users/vin/Desktop/BinBear/VinBaseComponents/VinBaseComponents/Classes/StorageLib/MapKeyValueTool/HTMapValueManager.mm:59:12: warning: implicit conversion loses integer precision: &apos;int64_t&apos; (aka &apos;long long&apos;) to &apos;NSInteger&apos; (aka &apos;int&apos;) [-Wshorten-64-to-32]&#10;    - NOTE  | [VinBaseComponents/CocoaExtentions, VinBaseComponents/CocoaExtentions/Foundation, VinBaseComponents/CocoaExtentions/UIKit, and more...] xcodebuild:  warning: Skipping code signing because the target does not have an Info.plist file and one is not being generated automatically. (in target &apos;App&apos; from project &apos;App&apos;)&#10;    - NOTE  | [VinBaseComponents/StorageLib,VinBaseComponents/StorageLib/MapKeyValueTool] xcodebuild:  Pods.xcodeproj: warning: The iOS Simulator deployment target &apos;IPHONEOS_DEPLOYMENT_TARGET&apos; is set to 8.0, but the range of supported deployment target versions is 9.0 to 14.5.99. (in target &apos;UICKeyChainStore&apos; from project &apos;Pods&apos;)&#10;    - NOTE  | [VinBaseComponents/NetWorking, VinBaseComponents/NetWorking/Base, VinBaseComponents/RACExtentions, and more...] xcodebuild:  Pods.xcodeproj: warning: The iOS Simulator deployment target &apos;IPHONEOS_DEPLOYMENT_TARGET&apos; is set to 8.0, but the range of supported deployment target versions is 9.0 to 14.5.99. (in target &apos;ReactiveObjC&apos; from project &apos;Pods&apos;)&#10;    - ERROR | [iOS] [VinBaseComponents/CocoaExtentions/UIKit] xcodebuild: Returned an unsuccessful exit code. You can use `--verbose` for more information.&#10;    - NOTE  | [VinBaseComponents/CocoaExtentions/UIKit] xcodebuild:  /Users/vin/Desktop/BinBear/VinBaseComponents/VinBaseComponents/Classes/CocoaExtentions/UIKit/UIViewController/UIViewController+VinKit.m:9:9: fatal error: &apos;HTRunTimeMethods.h&apos; file not found&#10;&#10;[!] VinBaseComponents did not pass validation, due to 1 error.&#10;You can use the `--no-clean` option to inspect any issue.&#10;" />
        
      </testcase>
    
  </testsuite>
</testsuites>
